<?xml version="1.0" encoding="UTF-8"?>
<!-- Generated by org.testng.reporters.JUnitXMLReporter -->
<testsuite ignored="2" hostname="DESKTOP-HSN9QIK" failures="0" tests="2" name="Test" time="136.392" errors="0" timestamp="2021-12-28T00:45:58 EST">
  <testcase classname="practiseTestNG.CreateOrganozationWithContactTestCaseTestNg" name="createOrganizationWithContact" time="64.216"/>
  <testcase classname="practiseTestNG.CreateOrganizationWithIndustryTestNg" name="createOrgWithIndus" time="12.725"/>
  <testcase classname="com.crm.autodesk.genricuUtilite.BaseClass" name="@BeforeSuite dbConnection" time="0.0">
    <ignored/>
  </testcase> <!-- @BeforeSuite dbConnection -->
  <testcase classname="com.crm.autodesk.genricuUtilite.BaseClass" name="@AfterSuite CloseDBConnection" time="0.0">
    <ignored/>
  </testcase> <!-- @AfterSuite CloseDBConnection -->
</testsuite> <!-- Test -->
